0 info it worked if it ends with ok
1 verbose cli [ '/usr/bin/nodejs', '/usr/bin/npm', 'install', 'nodesass', '-g' ]
2 info using npm@3.5.2
3 info using node@v4.2.6
4 silly loadCurrentTree Starting
5 silly install loadCurrentTree
6 silly install readGlobalPackageData
7 silly fetchPackageMetaData nodesass
8 silly fetchNamedPackageData nodesass
9 silly mapToRegistry name nodesass
10 silly mapToRegistry using default registry
11 silly mapToRegistry registry https://registry.npmjs.org/
12 silly mapToRegistry uri https://registry.npmjs.org/nodesass
13 verbose request uri https://registry.npmjs.org/nodesass
14 verbose request no auth needed
15 info attempt registry request try #1 at 20:24:24
16 verbose request id 226090f064b074ab
17 verbose etag "5982116a-11eb"
18 verbose lastModified Wed, 2 Aug 2017 17:52:42 GMT
19 http request GET https://registry.npmjs.org/nodesass
20 http 304 https://registry.npmjs.org/nodesass
21 verbose headers { date: 'Mon, 23 Apr 2018 23:24:36 GMT',
21 verbose headers   via: '1.1 varnish',
21 verbose headers   'cache-control': 'max-age=300',
21 verbose headers   etag: '"5982116a-11eb"',
21 verbose headers   age: '33',
21 verbose headers   connection: 'keep-alive',
21 verbose headers   'x-served-by': 'cache-gru17120-GRU',
21 verbose headers   'x-cache': 'HIT',
21 verbose headers   'x-cache-hits': '1',
21 verbose headers   'x-timer': 'S1524525877.971931,VS0,VE0',
21 verbose headers   vary: 'Accept-Encoding, Accept' }
22 silly get cb [ 304,
22 silly get   { date: 'Mon, 23 Apr 2018 23:24:36 GMT',
22 silly get     via: '1.1 varnish',
22 silly get     'cache-control': 'max-age=300',
22 silly get     etag: '"5982116a-11eb"',
22 silly get     age: '33',
22 silly get     connection: 'keep-alive',
22 silly get     'x-served-by': 'cache-gru17120-GRU',
22 silly get     'x-cache': 'HIT',
22 silly get     'x-cache-hits': '1',
22 silly get     'x-timer': 'S1524525877.971931,VS0,VE0',
22 silly get     vary: 'Accept-Encoding, Accept' } ]
23 verbose etag https://registry.npmjs.org/nodesass from cache
24 verbose get saving nodesass to /home/italocedro/.npm/registry.npmjs.org/nodesass/.cache.json
25 silly install normalizeTree
26 silly loadCurrentTree Finishing
27 silly loadIdealTree Starting
28 silly install loadIdealTree
29 silly cloneCurrentTree Starting
30 silly install cloneCurrentTreeToIdealTree
31 silly cloneCurrentTree Finishing
32 silly loadShrinkwrap Starting
33 silly install loadShrinkwrap
34 silly loadShrinkwrap Finishing
35 silly loadAllDepsIntoIdealTree Starting
36 silly install loadAllDepsIntoIdealTree
37 silly resolveWithNewModule nodesass@0.0.2-security checking installable status
38 silly cache add args [ 'nodesass', null ]
39 verbose cache add spec nodesass
40 silly cache add parsed spec Result {
40 silly cache add   raw: 'nodesass',
40 silly cache add   scope: null,
40 silly cache add   name: 'nodesass',
40 silly cache add   rawSpec: '',
40 silly cache add   spec: 'latest',
40 silly cache add   type: 'tag' }
41 silly addNamed nodesass@latest
42 verbose addNamed "latest" is being treated as a dist-tag for nodesass
43 info addNameTag [ 'nodesass', 'latest' ]
44 silly mapToRegistry name nodesass
45 silly mapToRegistry using default registry
46 silly mapToRegistry registry https://registry.npmjs.org/
47 silly mapToRegistry uri https://registry.npmjs.org/nodesass
48 verbose addNameTag registry:https://registry.npmjs.org/nodesass not in flight; fetching
49 verbose get https://registry.npmjs.org/nodesass not expired, no request
50 silly addNameTag next cb for nodesass with tag latest
51 silly addNamed nodesass@0.0.2-security
52 verbose addNamed "0.0.2-security" is a plain semver version for nodesass
53 silly cache afterAdd nodesass@0.0.2-security
54 verbose afterAdd /home/italocedro/.npm/nodesass/0.0.2-security/package/package.json not in flight; writing
55 verbose afterAdd /home/italocedro/.npm/nodesass/0.0.2-security/package/package.json written
56 silly loadAllDepsIntoIdealTree Finishing
57 silly idealTree:prePrune lib
57 silly idealTree:prePrune └── nodesass@0.0.2-security
58 silly loadIdealTree Finishing
59 silly currentTree lib
60 silly idealTree lib
60 silly idealTree └── nodesass@0.0.2-security
61 silly generateActionsToTake Starting
62 silly install generateActionsToTake
63 warn checkPermissions Missing write access to /usr/local/lib/node_modules
64 silly rollbackFailedOptional Starting
65 silly rollbackFailedOptional Finishing
66 silly runTopLevelLifecycles Starting
67 silly runTopLevelLifecycles Finishing
68 silly install printInstalled
69 verbose stack Error: EACCES: permission denied, access '/usr/local/lib/node_modules'
69 verbose stack     at Error (native)
70 verbose cwd /home/italocedro/Área de Trabalho/WebComercio/web
71 error Linux 4.13.0-38-generic
72 error argv "/usr/bin/nodejs" "/usr/bin/npm" "install" "nodesass" "-g"
73 error node v4.2.6
74 error npm  v3.5.2
75 error path /usr/local/lib/node_modules
76 error code EACCES
77 error errno -13
78 error syscall access
79 error Error: EACCES: permission denied, access '/usr/local/lib/node_modules'
79 error     at Error (native)
79 error  { [Error: EACCES: permission denied, access '/usr/local/lib/node_modules']
79 error   errno: -13,
79 error   code: 'EACCES',
79 error   syscall: 'access',
79 error   path: '/usr/local/lib/node_modules' }
80 error Please try running this command again as root/Administrator.
81 verbose exit [ -13, true ]
